<?xml version="1.0" encoding="UTF-8"?>
<testsuite xmlns:xsi="http://www.w3.org/2001/XMLSchema-instance" xsi:noNamespaceSchemaLocation="https://maven.apache.org/surefire/maven-surefire-plugin/xsd/surefire-test-report.xsd" name="br.ufscar.dc.compiladores.AppTest" time="0.05" tests="1" errors="0" skipped="0" failures="0">
  <properties>
    <property name="java.specification.version" value="20"/>
    <property name="sun.jnu.encoding" value="UTF-8"/>
    <property name="java.class.path" value="/mnt/Windows-SSD/Users/jdmdi/OneDrive/Documentos/UFSCar/2023-1/Compiladores/construcao-compiladores-t3/t3-semantico/target/test-classes:/mnt/Windows-SSD/Users/jdmdi/OneDrive/Documentos/UFSCar/2023-1/Compiladores/construcao-compiladores-t3/t3-semantico/target/classes:/home/dini/.m2/repository/junit/junit/4.11/junit-4.11.jar:/home/dini/.m2/repository/org/hamcrest/hamcrest-core/1.3/hamcrest-core-1.3.jar:/home/dini/.m2/repository/org/antlr/antlr4/4.11.1/antlr4-4.11.1-complete.jar:/home/dini/.m2/repository/org/antlr/antlr4-runtime/4.11.1/antlr4-runtime-4.11.1.jar:/home/dini/.m2/repository/org/antlr/antlr-runtime/3.5.3/antlr-runtime-3.5.3.jar:/home/dini/.m2/repository/org/antlr/ST4/4.3.4/ST4-4.3.4.jar:/home/dini/.m2/repository/org/abego/treelayout/org.abego.treelayout.core/1.0.3/org.abego.treelayout.core-1.0.3.jar:/home/dini/.m2/repository/org/glassfish/javax.json/1.1.4/javax.json-1.1.4.jar:/home/dini/.m2/repository/com/ibm/icu/icu4j/71.1/icu4j-71.1.jar:"/>
    <property name="java.vm.vendor" value="Oracle Corporation"/>
    <property name="sun.arch.data.model" value="64"/>
    <property name="java.vendor.url" value="https://openjdk.org/"/>
    <property name="os.name" value="Linux"/>
    <property name="java.vm.specification.version" value="20"/>
    <property name="sun.java.launcher" value="SUN_STANDARD"/>
    <property name="user.country" value="BR"/>
    <property name="sun.boot.library.path" value="/usr/lib/jvm/java-20-openjdk/lib"/>
    <property name="sun.java.command" value="/mnt/Windows-SSD/Users/jdmdi/OneDrive/Documentos/UFSCar/2023-1/Compiladores/construcao-compiladores-t3/t3-semantico/target/surefire/surefirebooter12777553271875420996.jar /mnt/Windows-SSD/Users/jdmdi/OneDrive/Documentos/UFSCar/2023-1/Compiladores/construcao-compiladores-t3/t3-semantico/target/surefire 2023-06-13T09-08-12_679-jvmRun1 surefire7791478650945333874tmp surefire_04489788875060441900tmp"/>
    <property name="jdk.debug" value="release"/>
    <property name="surefire.test.class.path" value="/mnt/Windows-SSD/Users/jdmdi/OneDrive/Documentos/UFSCar/2023-1/Compiladores/construcao-compiladores-t3/t3-semantico/target/test-classes:/mnt/Windows-SSD/Users/jdmdi/OneDrive/Documentos/UFSCar/2023-1/Compiladores/construcao-compiladores-t3/t3-semantico/target/classes:/home/dini/.m2/repository/junit/junit/4.11/junit-4.11.jar:/home/dini/.m2/repository/org/hamcrest/hamcrest-core/1.3/hamcrest-core-1.3.jar:/home/dini/.m2/repository/org/antlr/antlr4/4.11.1/antlr4-4.11.1-complete.jar:/home/dini/.m2/repository/org/antlr/antlr4-runtime/4.11.1/antlr4-runtime-4.11.1.jar:/home/dini/.m2/repository/org/antlr/antlr-runtime/3.5.3/antlr-runtime-3.5.3.jar:/home/dini/.m2/repository/org/antlr/ST4/4.3.4/ST4-4.3.4.jar:/home/dini/.m2/repository/org/abego/treelayout/org.abego.treelayout.core/1.0.3/org.abego.treelayout.core-1.0.3.jar:/home/dini/.m2/repository/org/glassfish/javax.json/1.1.4/javax.json-1.1.4.jar:/home/dini/.m2/repository/com/ibm/icu/icu4j/71.1/icu4j-71.1.jar:"/>
    <property name="sun.cpu.endian" value="little"/>
    <property name="user.home" value="/home/dini"/>
    <property name="user.language" value="pt"/>
    <property name="java.specification.vendor" value="Oracle Corporation"/>
    <property name="java.version.date" value="2023-04-18"/>
    <property name="java.home" value="/usr/lib/jvm/java-20-openjdk"/>
    <property name="file.separator" value="/"/>
    <property name="basedir" value="/mnt/Windows-SSD/Users/jdmdi/OneDrive/Documentos/UFSCar/2023-1/Compiladores/construcao-compiladores-t3/t3-semantico"/>
    <property name="java.vm.compressedOopsMode" value="32-bit"/>
    <property name="line.separator" value="&#10;"/>
    <property name="java.specification.name" value="Java Platform API Specification"/>
    <property name="java.vm.specification.vendor" value="Oracle Corporation"/>
    <property name="surefire.real.class.path" value="/mnt/Windows-SSD/Users/jdmdi/OneDrive/Documentos/UFSCar/2023-1/Compiladores/construcao-compiladores-t3/t3-semantico/target/surefire/surefirebooter12777553271875420996.jar"/>
    <property name="sun.management.compiler" value="HotSpot 64-Bit Tiered Compilers"/>
    <property name="java.runtime.version" value="20.0.1+9"/>
    <property name="user.name" value="dini"/>
    <property name="stdout.encoding" value="UTF-8"/>
    <property name="path.separator" value=":"/>
    <property name="os.version" value="6.1.33-1-lts"/>
    <property name="java.runtime.name" value="OpenJDK Runtime Environment"/>
    <property name="file.encoding" value="UTF-8"/>
    <property name="java.vm.name" value="OpenJDK 64-Bit Server VM"/>
    <property name="localRepository" value="/home/dini/.m2/repository"/>
    <property name="java.vendor.url.bug" value="https://bugreport.java.com/bugreport/"/>
    <property name="java.io.tmpdir" value="/tmp"/>
    <property name="java.version" value="20.0.1"/>
    <property name="user.dir" value="/mnt/Windows-SSD/Users/jdmdi/OneDrive/Documentos/UFSCar/2023-1/Compiladores/construcao-compiladores-t3/t3-semantico"/>
    <property name="os.arch" value="amd64"/>
    <property name="java.vm.specification.name" value="Java Virtual Machine Specification"/>
    <property name="native.encoding" value="UTF-8"/>
    <property name="java.library.path" value="/usr/java/packages/lib:/usr/lib64:/lib64:/lib:/usr/lib"/>
    <property name="java.vm.info" value="mixed mode, sharing"/>
    <property name="stderr.encoding" value="UTF-8"/>
    <property name="java.vendor" value="N/A"/>
    <property name="java.vm.version" value="20.0.1+9"/>
    <property name="sun.io.unicode.encoding" value="UnicodeLittle"/>
    <property name="java.class.version" value="64.0"/>
  </properties>
  <testcase name="shouldAnswerWithTrue" classname="br.ufscar.dc.compiladores.AppTest" time="0.003"/>
</testsuite>